{"C:\\Users\\marie\\Desktop\\Week12\\javascript\\adding.js": {"path":"C:\\Users\\marie\\Desktop\\Week12\\javascript\\adding.js","statementMap":{"0":{"start":{"line":2,"column":4},"end":{"line":2,"column":17}},"1":{"start":{"line":5,"column":0},"end":{"line":5,"column":21}}},"fnMap":{"0":{"name":"sum","decl":{"start":{"line":1,"column":9},"end":{"line":1,"column":12}},"loc":{"start":{"line":1,"column":18},"end":{"line":3,"column":1}},"line":1}},"branchMap":{},"s":{"0":2,"1":1},"f":{"0":2},"b":{},"_coverageSchema":"1a1c01bbd47fc00a2c39e90264f33305004495a9","hash":"519c628c0882ce3be21170629105a4c65f4c8b33"}
,"C:\\Users\\marie\\Desktop\\Week12\\javascript\\array.js": {"path":"C:\\Users\\marie\\Desktop\\Week12\\javascript\\array.js","statementMap":{"0":{"start":{"line":8,"column":19},"end":{"line":8,"column":21}},"1":{"start":{"line":9,"column":4},"end":{"line":11,"column":5}},"2":{"start":{"line":9,"column":16},"end":{"line":9,"column":17}},"3":{"start":{"line":10,"column":8},"end":{"line":10,"column":37}},"4":{"start":{"line":12,"column":4},"end":{"line":12,"column":20}},"5":{"start":{"line":15,"column":0},"end":{"line":15,"column":23}}},"fnMap":{"0":{"name":"array","decl":{"start":{"line":6,"column":9},"end":{"line":6,"column":14}},"loc":{"start":{"line":6,"column":22},"end":{"line":13,"column":1}},"line":6}},"branchMap":{},"s":{"0":2,"1":2,"2":2,"3":8,"4":2,"5":1},"f":{"0":2},"b":{},"_coverageSchema":"1a1c01bbd47fc00a2c39e90264f33305004495a9","hash":"810d6b8b37fb4424b0f51c96af27979618cf86da"}
,"C:\\Users\\marie\\Desktop\\Week12\\javascript\\ifelse.js": {"path":"C:\\Users\\marie\\Desktop\\Week12\\javascript\\ifelse.js","statementMap":{"0":{"start":{"line":7,"column":4},"end":{"line":11,"column":5}},"1":{"start":{"line":8,"column":8},"end":{"line":8,"column":36}},"2":{"start":{"line":10,"column":8},"end":{"line":10,"column":35}},"3":{"start":{"line":14,"column":0},"end":{"line":14,"column":23}}},"fnMap":{"0":{"name":"ifelse","decl":{"start":{"line":6,"column":9},"end":{"line":6,"column":15}},"loc":{"start":{"line":6,"column":20},"end":{"line":12,"column":1}},"line":6}},"branchMap":{"0":{"loc":{"start":{"line":7,"column":4},"end":{"line":11,"column":5}},"type":"if","locations":[{"start":{"line":7,"column":4},"end":{"line":11,"column":5}},{"start":{"line":9,"column":9},"end":{"line":11,"column":5}}],"line":7}},"s":{"0":1,"1":0,"2":1,"3":1},"f":{"0":1},"b":{"0":[0,1]},"_coverageSchema":"1a1c01bbd47fc00a2c39e90264f33305004495a9","hash":"f6e4e98b145c304507a5b4b47a3d69b448c2bce9"}
}
